#
# A fatal error has been detected by the Java Runtime Environment:
#
#  SIGSEGV (0xb) at pc=0x0000000104ff070c, pid=1747, tid=29955
#
# JRE version: OpenJDK Runtime Environment Zulu15.42+15-CA (15.0.8+4) (build 15.0.8+4-MTS)
# Java VM: OpenJDK 64-Bit Server VM Zulu15.42+15-CA (15.0.8+4-MTS, mixed mode, tiered, compressed oops, g1 gc, bsd-aarch64)
# Problematic frame:
# C  [python3.8+0x1b870c]  collect+0x210
#
# No core dump will be written. Core dumps have been disabled. To enable core dumping, try "ulimit -c unlimited" before starting Java again
#
# If you would like to submit a bug report, please visit:
#   http://www.azul.com/support/
# The crash happened outside the Java Virtual Machine in native code.
# See problematic frame for where to report the bug.
#

---------------  S U M M A R Y ------------

Command Line: -Dfile.encoding=UTF8 -ea -Xmx1024m 

Host: MacBookPro18,3 arm64 1 MHz, 8 cores, 16G, Darwin 21.5.0
Time: Thu Jul 28 19:16:08 2022 KST elapsed time: 0.097143 seconds (0d 0h 0m 0s)

---------------  T H R E A D  ---------------

Current thread (0x0000000170b2b400):  JavaThread "Python Reference Queue" daemon [_thread_in_native, id=29955, stack(0x0000000293d88000,0x0000000293f8b000)]

Stack: [0x0000000293d88000,0x0000000293f8b000],  sp=0x0000000293f8a780,  free space=2057k
Native frames: (J=compiled Java code, A=aot compiled Java code, j=interpreted, Vv=VM code, C=native code)
C  [python3.8+0x1b870c]  collect+0x210
C  [python3.8+0x1b9b9c]  PyGC_Collect+0x9c
C  [_jpype.cpython-38-darwin.so+0x1ccfc]  JPGarbageCollection::triggered()+0x38
C  [_jpype.cpython-38-darwin.so+0x291a0]  Java_org_jpype_ref_JPypeReferenceNative_wake+0x1c
j  org.jpype.ref.JPypeReferenceNative.wake()V+0
j  org.jpype.ref.JPypeReferenceQueue$Worker.run()V+42
j  java.lang.Thread.run()V+11 java.base@15.0.8
v  ~StubRoutines::call_stub
V  [libjvm.dylib+0x3dff24]  JavaCalls::call_helper(JavaValue*, methodHandle const&, JavaCallArguments*, Thread*)+0x324
V  [libjvm.dylib+0x3deffc]  JavaCalls::call_virtual(JavaValue*, Klass*, Symbol*, Symbol*, JavaCallArguments*, Thread*)+0xf8
V  [libjvm.dylib+0x3df0c4]  JavaCalls::call_virtual(JavaValue*, Handle, Klass*, Symbol*, Symbol*, Thread*)+0x64
V  [libjvm.dylib+0x48e740]  thread_entry(JavaThread*, Thread*)+0xbc
V  [libjvm.dylib+0x8cb680]  JavaThread::thread_main_inner()+0xa0
V  [libjvm.dylib+0x8c8b7c]  Thread::call_run()+0x88
V  [libjvm.dylib+0x711b98]  thread_native_entry(Thread*)+0x1d0
C  [libsystem_pthread.dylib+0x726c]  _pthread_start+0x94

Java frames: (J=compiled Java code, j=interpreted, Vv=VM code)
j  org.jpype.ref.JPypeReferenceNative.wake()V+0
j  org.jpype.ref.JPypeReferenceQueue$Worker.run()V+42
j  java.lang.Thread.run()V+11 java.base@15.0.8
v  ~StubRoutines::call_stub

siginfo: si_signo: 11 (SIGSEGV), si_code: 2 (SEGV_ACCERR), si_addr: 0x0000000168fcd6c8

Register to memory mapping:

 x0=0x0000000173ee1330 points into unknown readable memory: 0x000000010513cdb0 | b0 cd 13 05 01 00 00 00
 x1=0x0 is NULL
 x2=0x0000000293f8a8c8 is pointing into the stack for thread: 0x0000000170b2b400
 x3=0x0 is NULL
 x4=0x0000000000008e03 is an unknown value
 x5=0x0 is NULL
 x6=0x0000000000000001 is an unknown value
 x7=0x00000000004c4370 is an unknown value
 x8=